2015-05-04 14:47:19.063 EAMMobile[3566:28454] DiskCookieStorage changing policy from 2 to 0, cookie file: file:///Users/shekhakr/Library/Developer/CoreSimulator/Devices/CFF0B950-D8DF-4477-BEEB-D73F8359C2E2/data/Containers/Data/Application/1211023C-A3A0-4363-83D4-987E5227F324/Library/Cookies/Cookies.binarycookies
2015-05-04 14:47:19.131 EAMMobile[3566:28454] Apache Cordova native platform version 3.6.3 is starting.
2015-05-04 14:47:19.131 EAMMobile[3566:28454] Multi-tasking -> Device: YES, App: YES
2015-05-04 14:47:19.137 EAMMobile[3566:28454] Unlimited access to network resources
2015-05-04 14:47:19.139 EAMMobile[3566:28454] 

Started backup to iCloud! Please be careful.
Your application might be rejected by Apple if you store too much data.
For more information please read "iOS Data Storage Guidelines" at:
https://developer.apple.com/icloud/documentation/data-storage/

2015-05-04 14:47:19.447 EAMMobile[3566:28454] Resetting plugins due to page load.
2015-05-04 14:47:19.495 EAMMobile[3566:28454] Finished load of: file:///Users/shekhakr/Library/Developer/CoreSimulator/Devices/CFF0B950-D8DF-4477-BEEB-D73F8359C2E2/data/Containers/Bundle/Application/D6B88AE0-BF4C-4AD6-BB97-A802DC04AE67/EAMMobile.app/www/index.html
2015-05-04 15:19:57.946 EAMMobile[6105:65764] DiskCookieStorage changing policy from 2 to 0, cookie file: file:///Users/shekhakr/Library/Developer/CoreSimulator/Devices/CFF0B950-D8DF-4477-BEEB-D73F8359C2E2/data/Containers/Data/Application/BF851715-6997-441F-886E-07989646CCD7/Library/Cookies/Cookies.binarycookies
2015-05-04 15:19:57.997 EAMMobile[6105:65764] Apache Cordova native platform version 3.6.3 is starting.
2015-05-04 15:19:57.997 EAMMobile[6105:65764] Multi-tasking -> Device: YES, App: YES
2015-05-04 15:19:58.001 EAMMobile[6105:65764] Unlimited access to network resources
2015-05-04 15:19:58.003 EAMMobile[6105:65764] 

Started backup to iCloud! Please be careful.
Your application might be rejected by Apple if you store too much data.
For more information please read "iOS Data Storage Guidelines" at:
https://developer.apple.com/icloud/documentation/data-storage/

2015-05-04 15:19:58.069 EAMMobile[6105:65764] [CDVTimer][statusbar] 7.866025ms
2015-05-04 15:19:58.071 EAMMobile[6105:65764] [group: com.sap.smp.client.ios] [artifact: Supportability] [version: 3.7.0] [buildTime: 2015-02-23 23:18] [gitCommit: 755588bcde4c75c0b35f7d584bb4c16d2d00d8cf] [gitBranch: origin/fa/rel-3.7]
2015-05-04 15:19:58.071 EAMMobile[6105:65764] [group: com.sap.smp.client.ios] [artifact: ClientLog] [version: 3.7.0] [buildTime: 2015-02-23 23:18] [gitCommit: 755588bcde4c75c0b35f7d584bb4c16d2d00d8cf] [gitBranch: origin/fa/rel-3.7]
2015-05-04 15:19:58.076 EAMMobile[6105:65764] [group: com.sap.smp.client.ios] [artifact: E2ETrace2] [version: 3.7.0] [buildTime: 2015-02-23 23:18] [gitCommit: 755588bcde4c75c0b35f7d584bb4c16d2d00d8cf] [gitBranch: origin/fa/rel-3.7]
2015-05-04 15:19:58.077 EAMMobile[6105:65764] CommonAuthenticationConfigurator isNSHTTPURLProtocolReplacementEnabled: 0
2015-05-04 15:19:58.077 EAMMobile[6105:65764] [CDVTimer][authproxy] 7.430971ms
2015-05-04 15:19:58.077 EAMMobile[6105:65764] [CDVTimer][TotalPluginStartup] 15.497983ms
2015-05-04 15:19:58.111 EAMMobile[6105:65764] Resetting plugins due to page load.
2015-05-04 15:19:58.141 EAMMobile[6105:65764] Finished load of: file:///Users/shekhakr/Library/Developer/CoreSimulator/Devices/CFF0B950-D8DF-4477-BEEB-D73F8359C2E2/data/Containers/Bundle/Application/B862836E-08F7-4F28-935A-35377F046D20/EAMMobile.app/www/index.html
2015-05-04 15:20:03.044 EAMMobile[6105:65767] Terminating since there is no system app.
2015-05-04 15:38:09.449 EAMMobile[40612:141642] DiskCookieStorage changing policy from 2 to 0, cookie file: file:///Users/shekhakr/Library/Developer/CoreSimulator/Devices/CFF0B950-D8DF-4477-BEEB-D73F8359C2E2/data/Containers/Data/Application/80BBB329-B8D5-407A-B273-91A4840CBE29/Library/Cookies/Cookies.binarycookies
2015-05-04 15:38:09.488 EAMMobile[40612:141642] Apache Cordova native platform version 3.6.3 is starting.
2015-05-04 15:38:09.488 EAMMobile[40612:141642] Multi-tasking -> Device: YES, App: YES
2015-05-04 15:38:09.493 EAMMobile[40612:141642] Unlimited access to network resources
2015-05-04 15:38:09.495 EAMMobile[40612:141642] 

Started backup to iCloud! Please be careful.
Your application might be rejected by Apple if you store too much data.
For more information please read "iOS Data Storage Guidelines" at:
https://developer.apple.com/icloud/documentation/data-storage/

2015-05-04 15:38:09.575 EAMMobile[40612:141642] [CDVTimer][statusbar] 11.326969ms
2015-05-04 15:38:09.576 EAMMobile[40612:141642] [CDVTimer][appconnectcordovaplugin] 0.045002ms
2015-05-04 15:38:09.578 EAMMobile[40612:141642] [group: com.sap.smp.client.ios] [artifact: Supportability] [version: 3.7.0] [buildTime: 2015-02-23 23:18] [gitCommit: 755588bcde4c75c0b35f7d584bb4c16d2d00d8cf] [gitBranch: origin/fa/rel-3.7]
2015-05-04 15:38:09.578 EAMMobile[40612:141642] [group: com.sap.smp.client.ios] [artifact: ClientLog] [version: 3.7.0] [buildTime: 2015-02-23 23:18] [gitCommit: 755588bcde4c75c0b35f7d584bb4c16d2d00d8cf] [gitBranch: origin/fa/rel-3.7]
2015-05-04 15:38:09.582 EAMMobile[40612:141642] [group: com.sap.smp.client.ios] [artifact: E2ETrace2] [version: 3.7.0] [buildTime: 2015-02-23 23:18] [gitCommit: 755588bcde4c75c0b35f7d584bb4c16d2d00d8cf] [gitBranch: origin/fa/rel-3.7]
2015-05-04 15:38:09.584 EAMMobile[40612:141642] CommonAuthenticationConfigurator isNSHTTPURLProtocolReplacementEnabled: 0
2015-05-04 15:38:09.584 EAMMobile[40612:141642] [CDVTimer][authproxy] 8.293986ms
2015-05-04 15:38:09.584 EAMMobile[40612:141642] [CDVTimer][TotalPluginStartup] 20.133018ms
2015-05-04 15:38:09.615 EAMMobile[40612:141642] Resetting plugins due to page load.
2015-05-04 15:38:09.770 EAMMobile[40612:141642] Finished load of: file:///Users/shekhakr/Library/Developer/CoreSimulator/Devices/CFF0B950-D8DF-4477-BEEB-D73F8359C2E2/data/Containers/Bundle/Application/3565A138-2586-4072-B4AA-DA3DA5D89A12/EAMMobile.app/www/index.html
2015-05-04 15:38:09.808 EAMMobile[40612:141695] [Status] Initializing AppConnect plugin
2015-05-04 15:38:09.808 EAMMobile[40612:141695] [Status] Hooking methods to enable AppConnect Tunneling
2015-05-04 15:38:09.809 EAMMobile[40612:141642] [group: com.sap.mobile.maf.tools.ios] [artifact: MAFLogger] [version: 1.207.0] [buildTime: 2015-02-24 23:55] [gitCommit: 0648677345ea49cb2688ed34b110338d0a15cf6b] [gitBranch: origin/fa/rel-1.207]
2015-05-04 15:38:09.810 EAMMobile[40612:141642] [group: com.sap.smp.client.ios] [artifact: Logger] [version: 3.7.0] [buildTime: 2015-02-23 23:18] [gitCommit: 755588bcde4c75c0b35f7d584bb4c16d2d00d8cf] [gitBranch: origin/fa/rel-3.7]
2015-05-04 15:38:09.818 EAMMobile[40612:141642] [group: com.sap.smp.client.ios] [artifact: ClientHubSLL] [version: 3.7.0] [buildTime: 2015-02-23 22:49] [gitCommit: e7aa7076609783021fdedc87f29f65522d139dd1] [gitBranch: origin/fa/rel-3.7]
2015-05-04 15:38:09.821 EAMMobile[40612:141642] [group: com.sap.smp.client.ios] [artifact: Datavault] [version: 3.7.0] [buildTime: 2015-02-23 22:49] [gitCommit: e7aa7076609783021fdedc87f29f65522d139dd1] [gitBranch: origin/fa/rel-3.7]
2015-05-04 15:38:09.847 EAMMobile[40612:141642] THREAD WARNING: ['MAFLogonCoreCDVPluginJS'] took '41.336182' ms. Plugin should use a background thread.
2015-05-04 15:38:09.868 EAMMobile[40612:141642] THREAD WARNING: ['MAFLogonCoreCDVPluginJS'] took '14.960938' ms. Plugin should use a background thread.
2015-05-04 15:38:09.939 EAMMobile[40612:141642] Setting the WebView's frame to {{0, 0}, {320, 436}}
2015-05-04 15:38:09.939 EAMMobile[40612:141642] Setting the WebView's frame to {{0, 0}, {320, 480}}
2015-05-04 15:38:09.945 EAMMobile[40612:141642] THREAD WARNING: ['InAppBrowser'] took '75.935059' ms. Plugin should use a background thread.
2015-05-04 15:38:10.168 EAMMobile[40612:141642] THREAD WARNING: ['InAppBrowser'] took '100.424805' ms. Plugin should use a background thread.
2015-05-04 15:39:15.853 EAMMobile[49238:154078] DiskCookieStorage changing policy from 2 to 0, cookie file: file:///Users/shekhakr/Library/Developer/CoreSimulator/Devices/FB53D488-DDC6-472D-B2F6-A260C358DFE5/data/Containers/Data/Application/0E7151E4-B6F1-41F5-B31E-28B9B3DC2635/Library/Cookies/Cookies.binarycookies
2015-05-04 15:39:15.894 EAMMobile[49238:154078] Apache Cordova native platform version 3.6.3 is starting.
2015-05-04 15:39:15.895 EAMMobile[49238:154078] Multi-tasking -> Device: YES, App: YES
2015-05-04 15:39:15.899 EAMMobile[49238:154078] Unlimited access to network resources
2015-05-04 15:39:15.901 EAMMobile[49238:154078] 

Started backup to iCloud! Please be careful.
Your application might be rejected by Apple if you store too much data.
For more information please read "iOS Data Storage Guidelines" at:
https://developer.apple.com/icloud/documentation/data-storage/

2015-05-04 15:39:15.970 EAMMobile[49238:154078] [CDVTimer][statusbar] 8.783996ms
2015-05-04 15:39:15.970 EAMMobile[49238:154078] [CDVTimer][appconnectcordovaplugin] 0.042975ms
2015-05-04 15:39:15.972 EAMMobile[49238:154078] [group: com.sap.smp.client.ios] [artifact: Supportability] [version: 3.7.0] [buildTime: 2015-02-23 23:18] [gitCommit: 755588bcde4c75c0b35f7d584bb4c16d2d00d8cf] [gitBranch: origin/fa/rel-3.7]
2015-05-04 15:39:15.972 EAMMobile[49238:154078] [group: com.sap.smp.client.ios] [artifact: ClientLog] [version: 3.7.0] [buildTime: 2015-02-23 23:18] [gitCommit: 755588bcde4c75c0b35f7d584bb4c16d2d00d8cf] [gitBranch: origin/fa/rel-3.7]
2015-05-04 15:39:15.977 EAMMobile[49238:154078] [group: com.sap.smp.client.ios] [artifact: E2ETrace2] [version: 3.7.0] [buildTime: 2015-02-23 23:18] [gitCommit: 755588bcde4c75c0b35f7d584bb4c16d2d00d8cf] [gitBranch: origin/fa/rel-3.7]
2015-05-04 15:39:15.978 EAMMobile[49238:154078] CommonAuthenticationConfigurator isNSHTTPURLProtocolReplacementEnabled: 0
2015-05-04 15:39:15.978 EAMMobile[49238:154078] [CDVTimer][authproxy] 7.752001ms
2015-05-04 15:39:15.978 EAMMobile[49238:154078] [CDVTimer][TotalPluginStartup] 16.898036ms
2015-05-04 15:39:16.014 EAMMobile[49238:154078] Resetting plugins due to page load.
2015-05-04 15:39:16.151 EAMMobile[49238:154078] Finished load of: file:///Users/shekhakr/Library/Developer/CoreSimulator/Devices/FB53D488-DDC6-472D-B2F6-A260C358DFE5/data/Containers/Bundle/Application/0D81F62F-A021-4FAE-9745-19FC7C65D05C/EAMMobile.app/www/index.html
2015-05-04 15:39:16.186 EAMMobile[49238:154103] [Status] Initializing AppConnect plugin
2015-05-04 15:39:16.186 EAMMobile[49238:154103] [Status] Hooking methods to enable AppConnect Tunneling
2015-05-04 15:39:16.187 EAMMobile[49238:154078] [group: com.sap.mobile.maf.tools.ios] [artifact: MAFLogger] [version: 1.207.0] [buildTime: 2015-02-24 23:55] [gitCommit: 0648677345ea49cb2688ed34b110338d0a15cf6b] [gitBranch: origin/fa/rel-1.207]
2015-05-04 15:39:16.188 EAMMobile[49238:154078] [group: com.sap.smp.client.ios] [artifact: Logger] [version: 3.7.0] [buildTime: 2015-02-23 23:18] [gitCommit: 755588bcde4c75c0b35f7d584bb4c16d2d00d8cf] [gitBranch: origin/fa/rel-3.7]
2015-05-04 15:39:16.194 EAMMobile[49238:154078] [group: com.sap.smp.client.ios] [artifact: ClientHubSLL] [version: 3.7.0] [buildTime: 2015-02-23 22:49] [gitCommit: e7aa7076609783021fdedc87f29f65522d139dd1] [gitBranch: origin/fa/rel-3.7]
2015-05-04 15:39:16.197 EAMMobile[49238:154078] [group: com.sap.smp.client.ios] [artifact: Datavault] [version: 3.7.0] [buildTime: 2015-02-23 22:49] [gitCommit: e7aa7076609783021fdedc87f29f65522d139dd1] [gitBranch: origin/fa/rel-3.7]
2015-05-04 15:39:16.224 EAMMobile[49238:154078] THREAD WARNING: ['MAFLogonCoreCDVPluginJS'] took '39.034912' ms. Plugin should use a background thread.
2015-05-04 15:39:16.245 EAMMobile[49238:154078] THREAD WARNING: ['MAFLogonCoreCDVPluginJS'] took '15.429932' ms. Plugin should use a background thread.
2015-05-04 15:39:16.309 EAMMobile[49238:154078] Setting the WebView's frame to {{0, 0}, {768, 980}}
2015-05-04 15:39:16.309 EAMMobile[49238:154078] Setting the WebView's frame to {{0, 0}, {768, 1024}}
2015-05-04 15:39:16.317 EAMMobile[49238:154078] THREAD WARNING: ['InAppBrowser'] took '71.498291' ms. Plugin should use a background thread.
2015-05-04 15:39:16.518 EAMMobile[49238:154078] THREAD WARNING: ['InAppBrowser'] took '95.855957' ms. Plugin should use a background thread.
2015-05-04 15:39:37.457 EAMMobile[49238:155602] [group: com.sap.smp.client.ios] [artifact: CoreServices] [version: 3.7.0] [buildTime: 2015-02-23 23:18] [gitCommit: 755588bcde4c75c0b35f7d584bb4c16d2d00d8cf] [gitBranch: origin/fa/rel-3.7]
2015-05-04 15:39:37.458 EAMMobile[49238:155602] Initializing Client connection with ApplicationID : com.slb.mobile  Domain :  default  SecurityConfiguration:  (null)
2015-05-04 15:39:37.458 EAMMobile[49238:155602] [group: com.sap.smp.client.ios] [artifact: Request] [version: 3.7.0] [buildTime: 2015-02-23 23:18] [gitCommit: 755588bcde4c75c0b35f7d584bb4c16d2d00d8cf] [gitBranch: origin/fa/rel-3.7]
2015-05-04 15:39:37.460 EAMMobile[49238:155602] [Status] miaccp_URLIsAllowed:logFailure
2015-05-04 15:39:37.460 EAMMobile[49238:155602] Setting Client connection with Url:  http://us1455saps033.dir.slb.com:8080
2015-05-04 15:39:37.460 EAMMobile[49238:155602] Clearing SMP server related session cookies
2015-05-04 15:39:37.460 EAMMobile[49238:155602] Assigning the selectors
2015-05-04 15:39:37.461 EAMMobile[49238:155602] Automatic Registration : Registering user ASYNCHRONOUSLY with user name : IMohammed6, security configuration : (null) 
2015-05-04 15:39:37.462 EAMMobile[49238:155602] Starting asynchronous request <Request: 0x7bc6fa00>{name = '(null)'}
2015-05-04 15:39:37.462 EAMMobile[49238:155614] Registering reachability notifier for: us1455saps033.dir.slb.com
2015-05-04 15:39:37.470 EAMMobile[49238:155614] UrlString:   http://us1455saps033.dir.slb.com:8080
2015-05-04 15:39:37.470 EAMMobile[49238:155614] Unable to instantiate Cache... Delta Link and CSRF (Offline) handling not possible
2015-05-04 15:39:37.471 EAMMobile[49238:155614] UrlString:   http://us1455saps033.dir.slb.com:8080
2015-05-04 15:39:37.473 EAMMobile[49238:155614] Request handleNetworkEvent -> Unexpected stream event type received
2015-05-04 15:39:37.473 EAMMobile[49238:155614] ===Used: 0 bytes of bandwidth in last measurement period===
2015-05-04 15:39:37.577 EAMMobile[49238:155614] Request <Request: 0x7bc6fa00>{name = '(null)'} finished downloading data (0 bytes)
2015-05-04 15:39:37.577 EAMMobile[49238:155614] Got no keep-alive header, will keep this connection open for 60.000000 seconds
2015-05-04 15:39:37.577 EAMMobile[49238:155614] Request #1 finished using connection #1
2015-05-04 15:39:37.578 EAMMobile[49238:155614] UrlString:   http://us1455saps033.dir.slb.com:8080
2015-05-04 15:39:37.578 EAMMobile[49238:155614] Request handleNetworkEvent -> Unexpected stream event type received
2015-05-04 15:39:38.582 EAMMobile[49238:155614] ===Used: 65536 bytes of bandwidth in last measurement period===
2015-05-04 15:39:39.832 EAMMobile[49238:155614] ===Used: 0 bytes of bandwidth in last measurement period===
2015-05-04 15:39:40.308 EAMMobile[49238:155614] Got no keep-alive header, will keep this connection open for 60.000000 seconds
2015-05-04 15:39:40.309 EAMMobile[49238:155614] Request <Request: 0x7bc6fa00>{name = '(null)'} finished downloading data (1222 bytes)
2015-05-04 15:39:40.309 EAMMobile[49238:155614] Request #1 finished using connection #1
2015-05-04 15:39:40.309 EAMMobile[49238:155614] Request finished: <Request: 0x7bc6fa00>{name = '(null)'}
2015-05-04 15:39:40.309 EAMMobile[49238:154078] Registration request finished...
2015-05-04 15:39:40.310 EAMMobile[49238:154078] Parsing started
2015-05-04 15:39:40.310 EAMMobile[49238:154078] Found an element named: id with a value of: (null)
2015-05-04 15:39:40.310 EAMMobile[49238:154078] Found an element named: title with a value of: (null)
2015-05-04 15:39:40.310 EAMMobile[49238:154078] Found an element named: updated with a value of: (null)
2015-05-04 15:39:40.310 EAMMobile[49238:154078] Found an element named: name with a value of: (null)
2015-05-04 15:39:40.311 EAMMobile[49238:154078] Found an element named: author with a value of: (null)
2015-05-04 15:39:40.311 EAMMobile[49238:154078] Found an element named: link with a value of: (null)
2015-05-04 15:39:40.311 EAMMobile[49238:154078] Found an element named: category with a value of: (null)
2015-05-04 15:39:40.311 EAMMobile[49238:154078] Found an element named: d:ETag with a value of: 2015-05-04 20:39:39.0
2015-05-04 15:39:40.311 EAMMobile[49238:154078] Found an element named: d:ApplicationConnectionId with a value of: 648c3e52-2a3b-498b-919b-0aff327eeac6
2015-05-04 15:39:40.311 EAMMobile[49238:154078] Found an element named: d:AndroidGcmPushEnabled with a value of: false
2015-05-04 15:39:40.311 EAMMobile[49238:154078] Found an element named: d:AndroidGcmRegistrationId with a value of: 
2015-05-04 15:39:40.311 EAMMobile[49238:154078] Found an element named: d:AndroidGcmSenderId with a value of: 
2015-05-04 15:39:40.311 EAMMobile[49238:154078] Found an element named: d:ApnsPushEnable with a value of: false
2015-05-04 15:39:40.311 EAMMobile[49238:154078] Found an element named: d:ApnsDeviceToken with a value of: 
2015-05-04 15:39:40.312 EAMMobile[49238:154078] Found an element named: d:ApplicationVersion with a value of: 1.0
2015-05-04 15:39:40.312 EAMMobile[49238:154078] Found an element named: d:BlackberryPushEnabled with a value of: false
2015-05-04 15:39:40.312 EAMMobile[49238:154078] Found an element named: d:BlackberryDevicePin with a value of: 
2015-05-04 15:39:40.312 EAMMobile[49238:154078] Found an element named: d:BlackberryBESListenerPort with a value of: 0
2015-05-04 15:39:40.312 EAMMobile[49238:154078] Found an element named: d:BlackberryPushAppID with a value of: 
2015-05-04 15:39:40.312 EAMMobile[49238:154078] Found an element named: d:BlackberryPushBaseURL with a value of: 
2015-05-04 15:39:40.312 EAMMobile[49238:154078] Found an element named: d:BlackberryPushListenerPort with a value of: 0
2015-05-04 15:39:40.312 EAMMobile[49238:154078] Found an element named: d:BlackberryListenerType with a value of: 0
2015-05-04 15:39:40.312 EAMMobile[49238:154078] Found an element named: d:CollectClientUsageReports with a value of: false
2015-05-04 15:39:40.312 EAMMobile[49238:154078] Found an element named: d:ConnectionLogLevel with a value of: NONE
2015-05-04 15:39:40.312 EAMMobile[49238:154078] Found an element named: d:CustomizationBundleId with a value of: 
2015-05-04 15:39:40.313 EAMMobile[49238:154078] Found an element named: d:CustomCustom1 with a value of: 
2015-05-04 15:39:40.313 EAMMobile[49238:154078] Found an element named: d:CustomCustom2 with a value of: 
2015-05-04 15:39:40.313 EAMMobile[49238:154078] Found an element named: d:CustomCustom3 with a value of: 
2015-05-04 15:39:40.313 EAMMobile[49238:154078] Found an element named: d:CustomCustom4 with a value of: 
2015-05-04 15:39:40.313 EAMMobile[49238:154078] Found an element named: d:DeviceModel with a value of: 
2015-05-04 15:39:40.313 EAMMobile[49238:154078] Found an element named: d:DeviceType with a value of: iPhone
2015-05-04 15:39:40.313 EAMMobile[49238:154078] Found an element named: d:DeviceSubType with a value of: 
2015-05-04 15:39:40.313 EAMMobile[49238:154078] Found an element named: d:DevicePhoneNumber with a value of: 
2015-05-04 15:39:40.313 EAMMobile[49238:154078] Found an element named: d:DeviceIMSI with a value of: 
2015-05-04 15:39:40.313 EAMMobile[49238:154078] Found an element named: d:E2ETraceLevel with a value of: Low
2015-05-04 15:39:40.313 EAMMobile[49238:154078] Found an element named: d:EnableAppSpecificClientUsageKeys with a value of: false
2015-05-04 15:39:40.314 EAMMobile[49238:154078] Found an element named: d:FeatureVectorPolicyAllEnabled with a value of: false
2015-05-04 15:39:40.314 EAMMobile[49238:154078] Found an element named: d:LogEntryExpiry with a value of: 7
2015-05-04 15:39:40.314 EAMMobile[49238:154078] Found an element named: d:MaxConnectionWaitTimeForClientUsage with a value of: false
2015-05-04 15:39:40.314 EAMMobile[49238:154078] Found an element named: d:MpnsChannelURI with a value of: 
2015-05-04 15:39:40.314 EAMMobile[49238:154078] Found an element named: d:MpnsPushEnable with a value of: false
2015-05-04 15:39:40.314 EAMMobile[49238:154078] Found an element named: d:PasswordPolicyEnabled with a value of: false
2015-05-04 15:39:40.314 EAMMobile[49238:154078] Found an element named: d:PasswordPolicyDefaultPasswordAllowed with a value of: false
2015-05-04 15:39:40.314 EAMMobile[49238:154078] Found an element named: d:PasswordPolicyMinLength with a value of: 8
2015-05-04 15:39:40.314 EAMMobile[49238:154078] Found an element named: d:PasswordPolicyDigitRequired with a value of: false
2015-05-04 15:39:40.314 EAMMobile[49238:154078] Found an element named: d:PasswordPolicyUpperRequired with a value of: false
2015-05-04 15:39:40.314 EAMMobile[49238:154078] Found an element named: d:PasswordPolicyLowerRequired with a value of: false
2015-05-04 15:39:40.315 EAMMobile[49238:154078] Found an element named: d:PasswordPolicySpecialRequired with a value of: false
2015-05-04 15:39:40.315 EAMMobile[49238:154078] Found an element named: d:PasswordPolicyExpiresInNDays with a value of: 0
2015-05-04 15:39:40.315 EAMMobile[49238:154078] Found an element named: d:PasswordPolicyMinUniqueChars with a value of: 0
2015-05-04 15:39:40.315 EAMMobile[49238:154078] Found an element named: d:PasswordPolicyLockTimeout with a value of: 0
2015-05-04 15:39:40.315 EAMMobile[49238:154078] Found an element named: d:PasswordPolicyRetryLimit with a value of: 20
2015-05-04 15:39:40.315 EAMMobile[49238:154078] Found an element named: d:ProxyApplicationEndpoint with a value of: https://sapf1sdi10.dir.slb.com:44310/sap/opu/odata/sap/Z_THIN_SLB_MOB_SRV/
2015-05-04 15:39:40.315 EAMMobile[49238:154078] Found an element named: d:ProxyPushEndpoint with a value of: http://us1455saps033.DIR.slb.com:8080/Notification
2015-05-04 15:39:40.315 EAMMobile[49238:154078] Found an element named: d:PublishedToMobilePlace with a value of: false
2015-05-04 15:39:40.315 EAMMobile[49238:154078] Found an element named: d:UploadLogs with a value of: false
2015-05-04 15:39:40.315 EAMMobile[49238:154078] Found an element named: d:WnsChannelURI with a value of: 
2015-05-04 15:39:40.315 EAMMobile[49238:154078] Found an element named: d:WnsPushEnable with a value of: false
2015-05-04 15:39:40.315 EAMMobile[49238:154078] Found an element named: d:FeatureVectorPolicy with a value of: 
2015-05-04 15:39:40.316 EAMMobile[49238:154078] Found an element named: m:properties with a value of: 
2015-05-04 15:39:40.316 EAMMobile[49238:154078] Found an element named: content with a value of: 
2015-05-04 15:39:40.316 EAMMobile[49238:154078] Found an element named: entry with a value of: 
2015-05-04 15:39:40.316 EAMMobile[49238:154078] Parsing ended --> {
    "d:AndroidGcmPushEnabled" = false;
    "d:AndroidGcmRegistrationId" = "";
    "d:AndroidGcmSenderId" = "";
    "d:ApnsDeviceToken" = "";
    "d:ApnsPushEnable" = false;
    "d:ApplicationConnectionId" = "648c3e52-2a3b-498b-919b-0aff327eeac6";
    "d:ApplicationVersion" = "1.0";
    "d:BlackberryBESListenerPort" = 0;
    "d:BlackberryDevicePin" = "";
    "d:BlackberryListenerType" = 0;
    "d:BlackberryPushAppID" = "";
    "d:BlackberryPushBaseURL" = "";
    "d:BlackberryPushEnabled" = false;
    "d:BlackberryPushListenerPort" = 0;
    "d:CollectClientUsageReports" = false;
    "d:ConnectionLogLevel" = NONE;
    "d:CustomCustom1" = "";
    "d:CustomCustom2" = "";
    "d:CustomCustom3" = "";
    "d:CustomCustom4" = "";
    "d:CustomizationBundleId" = "";
    "d:DeviceIMSI" = "";
    "d:DeviceModel" = "";
    "d:DevicePhoneNumber" = "";
    "d:DeviceSubType" = "";
    "d:DeviceType" = iPhone;
    "d:E2ETraceLevel" = Low;
    "d:ETag" = "2015-05-04 20:39:39.0";
    "d:EnableAppSpecificClientUsageKeys" = false;
    "d:FeatureVectorPolicy" = "";
    "d:FeatureVectorPolicyAllEnabled" = false;
    "d:LogEntryExpiry" = 7;
    "d:MaxConnectionWaitTimeForClientUsage" = false;
    "d:MpnsChannelURI" = "";
    "d:MpnsPushEnable" = false;
    "d:PasswordPolicyDefaultPasswordAllowed" = false;
    "d:PasswordPolicyDigitRequired" = false;
    "d:PasswordPolicyEnabled" = false;
    "d:PasswordPolicyExpiresInNDays" = 0;
    "d:PasswordPolicyLockTimeout" = 0;
    "d:PasswordPolicyLowerRequired" = false;
    "d:PasswordPolicyMinLength" = 8;
    "d:PasswordPolicyMinUniqueChars" = 0;
    "d:PasswordPolicyRetryLimit" = 20;
    "d:PasswordPolicySpecialRequired" = false;
    "d:PasswordPolicyUpperRequired" = false;
    "d:ProxyApplicationEndpoint" = "https://sapf1sdi10.dir.slb.com:44310/sap/opu/odata/sap/Z_THIN_SLB_MOB_SRV/";
    "d:ProxyPushEndpoint" = "http://us1455saps033.DIR.slb.com:8080/Notification";
    "d:PublishedToMobilePlace" = false;
    "d:UploadLogs" = false;
    "d:WnsChannelURI" = "";
    "d:WnsPushEnable" = false;
}
2015-05-04 15:39:40.316 EAMMobile[49238:154078] urlString:   http://us1455saps033.dir.slb.com:8080
2015-05-04 15:39:40.317 EAMMobile[49238:154078] Request String:  http://us1455saps033.dir.slb.com:8080/odata/applications/v1/com.slb.mobile/Connections('648c3e52-2a3b-498b-919b-0aff327eeac6')
2015-05-04 15:39:40.318 EAMMobile[49238:154078] Starting synchronous request <Request: 0x7dbc9400>{name = '(null)'}
2015-05-04 15:39:40.318 EAMMobile[49238:154078] UrlString:   http://us1455saps033.dir.slb.com:8080
2015-05-04 15:39:40.318 EAMMobile[49238:154078] Unable to instantiate Cache... Delta Link and CSRF (Offline) handling not possible
2015-05-04 15:39:40.319 EAMMobile[49238:154078] UrlString:   http://us1455saps033.dir.slb.com:8080
2015-05-04 15:39:40.319 EAMMobile[49238:154078] Request handleNetworkEvent -> Unexpected stream event type received
2015-05-04 15:39:40.570 EAMMobile[49238:154078] Got no keep-alive header, will keep this connection open for 60.000000 seconds
2015-05-04 15:39:40.570 EAMMobile[49238:154078] Request <Request: 0x7dbc9400>{name = '(null)'} finished downloading data (1225 bytes)
2015-05-04 15:39:40.570 EAMMobile[49238:154078] Request #2 finished using connection #1
2015-05-04 15:39:40.570 EAMMobile[49238:154078] Request finished: <Request: 0x7dbc9400>{name = '(null)'}
2015-05-04 15:39:40.570 EAMMobile[49238:154078] Response Code: 200
2015-05-04 15:39:40.571 EAMMobile[49238:154078] Parsing started
2015-05-04 15:39:40.571 EAMMobile[49238:154078] Found an element named: id with a value of: (null)
2015-05-04 15:39:40.571 EAMMobile[49238:154078] Found an element named: title with a value of: (null)
2015-05-04 15:39:40.571 EAMMobile[49238:154078] Found an element named: updated with a value of: (null)
2015-05-04 15:39:40.571 EAMMobile[49238:154078] Found an element named: name with a value of: (null)
2015-05-04 15:39:40.571 EAMMobile[49238:154078] Found an element named: author with a value of: (null)
2015-05-04 15:39:40.571 EAMMobile[49238:154078] Found an element named: link with a value of: (null)
2015-05-04 15:39:40.571 EAMMobile[49238:154078] Found an element named: category with a value of: (null)
2015-05-04 15:39:40.571 EAMMobile[49238:154078] Found an element named: d:ETag with a value of: 2015-05-04 20:39:39.0
2015-05-04 15:39:40.571 EAMMobile[49238:154078] Found an element named: d:ApplicationConnectionId with a value of: 648c3e52-2a3b-498b-919b-0aff327eeac6
2015-05-04 15:39:40.571 EAMMobile[49238:154078] Found an element named: d:AndroidGcmPushEnabled with a value of: false
2015-05-04 15:39:40.572 EAMMobile[49238:154078] Found an element named: d:AndroidGcmRegistrationId with a value of: 
2015-05-04 15:39:40.572 EAMMobile[49238:154078] Found an element named: d:AndroidGcmSenderId with a value of: 
2015-05-04 15:39:40.572 EAMMobile[49238:154078] Found an element named: d:ApnsPushEnable with a value of: false
2015-05-04 15:39:40.572 EAMMobile[49238:154078] Found an element named: d:ApnsDeviceToken with a value of: 
2015-05-04 15:39:40.572 EAMMobile[49238:154078] Found an element named: d:ApplicationVersion with a value of: 1.0
2015-05-04 15:39:40.572 EAMMobile[49238:154078] Found an element named: d:BlackberryPushEnabled with a value of: false
2015-05-04 15:39:40.572 EAMMobile[49238:154078] Found an element named: d:BlackberryDevicePin with a value of: 
2015-05-04 15:39:40.572 EAMMobile[49238:154078] Found an element named: d:BlackberryBESListenerPort with a value of: 0
2015-05-04 15:39:40.572 EAMMobile[49238:154078] Found an element named: d:BlackberryPushAppID with a value of: 
2015-05-04 15:39:40.572 EAMMobile[49238:154078] Found an element named: d:BlackberryPushBaseURL with a value of: 
2015-05-04 15:39:40.572 EAMMobile[49238:154078] Found an element named: d:BlackberryPushListenerPort with a value of: 0
2015-05-04 15:39:40.573 EAMMobile[49238:154078] Found an element named: d:BlackberryListenerType with a value of: 0
2015-05-04 15:39:40.573 EAMMobile[49238:154078] Found an element named: d:CollectClientUsageReports with a value of: false
2015-05-04 15:39:40.573 EAMMobile[49238:154078] Found an element named: d:ConnectionLogLevel with a value of: NONE
2015-05-04 15:39:40.573 EAMMobile[49238:154078] Found an element named: d:CustomizationBundleId with a value of: 
2015-05-04 15:39:40.573 EAMMobile[49238:154078] Found an element named: d:CustomCustom1 with a value of: 
2015-05-04 15:39:40.573 EAMMobile[49238:154078] Found an element named: d:CustomCustom2 with a value of: 
2015-05-04 15:39:40.573 EAMMobile[49238:154078] Found an element named: d:CustomCustom3 with a value of: 
2015-05-04 15:39:40.573 EAMMobile[49238:154078] Found an element named: d:CustomCustom4 with a value of: 
2015-05-04 15:39:40.573 EAMMobile[49238:154078] Found an element named: d:DeviceModel with a value of: 
2015-05-04 15:39:40.573 EAMMobile[49238:154078] Found an element named: d:DeviceType with a value of: iPhone
2015-05-04 15:39:40.573 EAMMobile[49238:154078] Found an element named: d:DeviceSubType with a value of: 
2015-05-04 15:39:40.573 EAMMobile[49238:154078] Found an element named: d:DevicePhoneNumber with a value of: 
2015-05-04 15:39:40.573 EAMMobile[49238:154078] Found an element named: d:DeviceIMSI with a value of: 
2015-05-04 15:39:40.574 EAMMobile[49238:154078] Found an element named: d:E2ETraceLevel with a value of: Low
2015-05-04 15:39:40.574 EAMMobile[49238:154078] Found an element named: d:EnableAppSpecificClientUsageKeys with a value of: false
2015-05-04 15:39:40.574 EAMMobile[49238:154078] Found an element named: d:FeatureVectorPolicyAllEnabled with a value of: false
2015-05-04 15:39:40.574 EAMMobile[49238:154078] Found an element named: d:LogEntryExpiry with a value of: 7
2015-05-04 15:39:40.574 EAMMobile[49238:154078] Found an element named: d:MaxConnectionWaitTimeForClientUsage with a value of: false
2015-05-04 15:39:40.574 EAMMobile[49238:154078] Found an element named: d:MpnsChannelURI with a value of: 
2015-05-04 15:39:40.574 EAMMobile[49238:154078] Found an element named: d:MpnsPushEnable with a value of: false
2015-05-04 15:39:40.574 EAMMobile[49238:154078] Found an element named: d:PasswordPolicyEnabled with a value of: false
2015-05-04 15:39:40.574 EAMMobile[49238:154078] Found an element named: d:PasswordPolicyDefaultPasswordAllowed with a value of: false
2015-05-04 15:39:40.574 EAMMobile[49238:154078] Found an element named: d:PasswordPolicyMinLength with a value of: 8
2015-05-04 15:39:40.574 EAMMobile[49238:154078] Found an element named: d:PasswordPolicyDigitRequired with a value of: false
2015-05-04 15:39:40.574 EAMMobile[49238:154078] Found an element named: d:PasswordPolicyUpperRequired with a value of: false
2015-05-04 15:39:40.574 EAMMobile[49238:154078] Found an element named: d:PasswordPolicyLowerRequired with a value of: false
2015-05-04 15:39:40.575 EAMMobile[49238:154078] Found an element named: d:PasswordPolicySpecialRequired with a value of: false
2015-05-04 15:39:40.575 EAMMobile[49238:154078] Found an element named: d:PasswordPolicyExpiresInNDays with a value of: 0
2015-05-04 15:39:40.575 EAMMobile[49238:154078] Found an element named: d:PasswordPolicyMinUniqueChars with a value of: 0
2015-05-04 15:39:40.575 EAMMobile[49238:154078] Found an element named: d:PasswordPolicyLockTimeout with a value of: 0
2015-05-04 15:39:40.575 EAMMobile[49238:154078] Found an element named: d:PasswordPolicyRetryLimit with a value of: 20
2015-05-04 15:39:40.575 EAMMobile[49238:154078] Found an element named: d:ProxyApplicationEndpoint with a value of: https://sapf1sdi10.dir.slb.com:44310/sap/opu/odata/sap/Z_THIN_SLB_MOB_SRV/
2015-05-04 15:39:40.575 EAMMobile[49238:154078] Found an element named: d:ProxyPushEndpoint with a value of: http://us1455saps033.DIR.slb.com:8080/Notification
2015-05-04 15:39:40.575 EAMMobile[49238:154078] Found an element named: d:PublishedToMobilePlace with a value of: false
2015-05-04 15:39:40.575 EAMMobile[49238:154078] Found an element named: d:UploadLogs with a value of: false
2015-05-04 15:39:40.575 EAMMobile[49238:154078] Found an element named: d:WnsChannelURI with a value of: 
2015-05-04 15:39:40.575 EAMMobile[49238:154078] Found an element named: d:WnsPushEnable with a value of: false
2015-05-04 15:39:40.575 EAMMobile[49238:154078] Found an element named: d:FeatureVectorPolicy with a value of: 
2015-05-04 15:39:40.575 EAMMobile[49238:154078] Found an element named: m:properties with a value of: 
2015-05-04 15:39:40.576 EAMMobile[49238:154078] Found an element named: content with a value of: 
2015-05-04 15:39:40.576 EAMMobile[49238:154078] Found an element named: entry with a value of: 
2015-05-04 15:39:40.576 EAMMobile[49238:154078] Parsing ended --> {
    "d:AndroidGcmPushEnabled" = false;
    "d:AndroidGcmRegistrationId" = "";
    "d:AndroidGcmSenderId" = "";
    "d:ApnsDeviceToken" = "";
    "d:ApnsPushEnable" = false;
    "d:ApplicationConnectionId" = "648c3e52-2a3b-498b-919b-0aff327eeac6";
    "d:ApplicationVersion" = "1.0";
    "d:BlackberryBESListenerPort" = 0;
    "d:BlackberryDevicePin" = "";
    "d:BlackberryListenerType" = 0;
    "d:BlackberryPushAppID" = "";
    "d:BlackberryPushBaseURL" = "";
    "d:BlackberryPushEnabled" = false;
    "d:BlackberryPushListenerPort" = 0;
    "d:CollectClientUsageReports" = false;
    "d:ConnectionLogLevel" = NONE;
    "d:CustomCustom1" = "";
    "d:CustomCustom2" = "";
    "d:CustomCustom3" = "";
    "d:CustomCustom4" = "";
    "d:CustomizationBundleId" = "";
    "d:DeviceIMSI" = "";
    "d:DeviceModel" = "";
    "d:DevicePhoneNumber" = "";
    "d:DeviceSubType" = "";
    "d:DeviceType" = iPhone;
    "d:E2ETraceLevel" = Low;
    "d:ETag" = "2015-05-04 20:39:39.0";
    "d:EnableAppSpecificClientUsageKeys" = false;
    "d:FeatureVectorPolicy" = "";
    "d:FeatureVectorPolicyAllEnabled" = false;
    "d:LogEntryExpiry" = 7;
    "d:MaxConnectionWaitTimeForClientUsage" = false;
    "d:MpnsChannelURI" = "";
    "d:MpnsPushEnable" = false;
    "d:PasswordPolicyDefaultPasswordAllowed" = false;
    "d:PasswordPolicyDigitRequired" = false;
    "d:PasswordPolicyEnabled" = false;
    "d:PasswordPolicyExpiresInNDays" = 0;
    "d:PasswordPolicyLockTimeout" = 0;
    "d:PasswordPolicyLowerRequired" = false;
    "d:PasswordPolicyMinLength" = 8;
    "d:PasswordPolicyMinUniqueChars" = 0;
    "d:PasswordPolicyRetryLimit" = 20;
    "d:PasswordPolicySpecialRequired" = false;
    "d:PasswordPolicyUpperRequired" = false;
    "d:ProxyApplicationEndpoint" = "https://sapf1sdi10.dir.slb.com:44310/sap/opu/odata/sap/Z_THIN_SLB_MOB_SRV/";
    "d:ProxyPushEndpoint" = "http://us1455saps033.DIR.slb.com:8080/Notification";
    "d:PublishedToMobilePlace" = false;
    "d:UploadLogs" = false;
    "d:WnsChannelURI" = "";
    "d:WnsPushEnable" = false;
}
2015-05-04 15:39:40.606 EAMMobile[49238:154078] THREAD WARNING: ['InAppBrowser'] took '12.776123' ms. Plugin should use a background thread.
2015-05-04 15:39:48.759 EAMMobile[49238:154078] THREAD WARNING: ['MAFLogonCoreCDVPluginJS'] took '12.270996' ms. Plugin should use a background thread.
2015-05-04 15:39:48.800 EAMMobile[49238:154078] THREAD WARNING: ['MAFLogonCoreCDVPluginJS'] took '40.254150' ms. Plugin should use a background thread.
2015-05-04 15:39:50.197 EAMMobile[49238:156706] [Status] miaccp_URLIsAllowed
2015-05-04 15:39:50.198 EAMMobile[49238:156706] [Status] miaccp_URLIsAllowed:logFailure
2015-05-04 15:39:50.199 EAMMobile[49238:154103] [Status] miaccp_URLIsAllowed
2015-05-04 15:39:50.199 EAMMobile[49238:154103] [Status] miaccp_URLIsAllowed:logFailure
2015-05-04 15:39:50.790 EAMMobile[49238:154112] [Status] miaccp_URLIsAllowed
2015-05-04 15:39:50.790 EAMMobile[49238:154112] [Status] miaccp_URLIsAllowed:logFailure
